[0m[[0m[0minfo[0m] [0m[0mLoading settings from plugin.sbt ...[0m
[0m[[0m[0minfo[0m] [0m[0mLoading project definition from /HelloAkka/project[0m
[0m[[0m[0minfo[0m] [0m[0mUpdating ProjectRef(uri("file:/HelloAkka/project/"), "helloakka-build")...[0m
[0m[[0m[0minfo[0m] [0m[0mdownloading https://repo1.maven.org/maven2/commons-codec/commons-codec/1.9/commons-codec-1.9.jar ...[0m
[0m[[0m[0minfo[0m] [0m[0mdownloading https://repo1.maven.org/maven2/com/google/guava/guava/20.0/guava-20.0.jar ...[0m
[0m[[0m[0minfo[0m] [0m[0mdownloading https://repo1.maven.org/maven2/org/eclipse/sisu/org.eclipse.sisu.inject/0.0.0.M5/org.eclipse.sisu.inject-0.0.0.M5.jar ...[0m
[0m[[0m[0minfo[0m] [0m[0mdownloading https://repo1.maven.org/maven2/org/bouncycastle/bcpg-jdk15on/1.51/bcpg-jdk15on-1.51.jar ...[0m
[0m[[0m[0minfo[0m] [0m[0mdownloading https://repo1.maven.org/maven2/org/eclipse/aether/aether-util/0.9.0.M2/aether-util-0.9.0.M2.jar ...[0m
[0m[[0m[0minfo[0m] [0m[0mdownloading https://repo1.maven.org/maven2/org/glassfish/jersey/connectors/jersey-apache-connector/2.22.2/jersey-apache-connector-2.22.2.jar ...[0m
[0m[[0m[0minfo[0m] [0m[0mdownloading https://repo1.maven.org/maven2/com/github/jnr/jnr-unixsocket/0.8/jnr-unixsocket-0.8.jar ...[0m
[0m[[0m[0minfo[0m] [0m[0mdownloading https://repo1.maven.org/maven2/org/apache/ant/ant-launcher/1.10.1/ant-launcher-1.10.1.jar ...[0m
[0m[[0m[0minfo[0m] [0m[0mdownloading https://repo1.maven.org/maven2/org/apache/ant/ant/1.10.1/ant-1.10.1.jar ...[0m
[0m[[0m[0minfo[0m] [0m[0mdownloading https://repo1.maven.org/maven2/org/eclipse/aether/aether-spi/0.9.0.M2/aether-spi-0.9.0.M2.jar ...[0m
[0m[[0m[0minfo[0m] [0m[0mdownloading https://repo1.maven.org/maven2/org/vafer/jdeb/1.3/jdeb-1.3.jar ...[0m
[0m[[0m[0minfo[0m] [0m[0mdownloading https://repo1.maven.org/maven2/commons-io/commons-io/2.5/commons-io-2.5.jar ...[0m
[0m[[0m[0minfo[0m] [0m[0mdownloading https://repo1.maven.org/maven2/com/fasterxml/jackson/datatype/jackson-datatype-guava/2.8.8/jackson-datatype-guava-2.8.8.jar ...[0m
[0m[[0m[0minfo[0m] [0m[0mdownloading https://repo1.maven.org/maven2/org/glassfish/hk2/hk2-api/2.4.0-b34/hk2-api-2.4.0-b34.jar ...[0m
[0m[[0m[0minfo[0m] [0m[0mdownloading https://repo1.maven.org/maven2/javax/annotation/jsr250-api/1.0/jsr250-api-1.0.jar ...[0m
[0m[[0m[0minfo[0m] [0m[0mdownloading https://repo1.maven.org/maven2/org/glassfish/hk2/hk2-utils/2.4.0-b34/hk2-utils-2.4.0-b34.jar ...[0m
[0m[[0m[0minfo[0m] [0m[0mdownloading https://repo1.maven.org/maven2/javax/annotation/javax.annotation-api/1.2/javax.annotation-api-1.2.jar ...[0m
[0m[[0m[0minfo[0m] [0m[0mdownloading https://repo1.maven.org/maven2/org/ow2/asm/asm-commons/5.0.3/asm-commons-5.0.3.jar ...[0m
[0m[[0m[0minfo[0m] [0m[0mdownloading https://repo.scala-sbt.org/scalasbt/sbt-plugin-releases/com.typesafe.sbt/sbt-native-packager/scala_2.12/sbt_1.0/1.3.3/jars/sbt-native-packager.jar ...[0m
[0m[[0m[0minfo[0m] [0m[0mdownloading https://repo1.maven.org/maven2/org/bouncycastle/bcprov-jdk15on/1.52/bcprov-jdk15on-1.52.jar ...[0m
[0m[[0m[0minfo[0m] [0m[0mdownloading https://repo1.maven.org/maven2/com/github/jnr/jnr-ffi/2.0.3/jnr-ffi-2.0.3.jar ...[0m
[0m[[0m[0minfo[0m] [0m[0mdownloading https://repo1.maven.org/maven2/com/github/jnr/jnr-posix/3.0.12/jnr-posix-3.0.12.jar ...[0m
[0m[[0m[0minfo[0m] [0m[0mdownloading https://repo1.maven.org/maven2/org/ow2/asm/asm-tree/5.0.3/asm-tree-5.0.3.jar ...[0m
[0m[[0m[0minfo[0m] [0m[0mdownloading https://repo1.maven.org/maven2/org/apache/maven/maven-core/3.2.2/maven-core-3.2.2.jar ...[0m
[0m[[0m[0minfo[0m] [0m[0mdownloading https://repo1.maven.org/maven2/org/bouncycastle/bcpkix-jdk15on/1.52/bcpkix-jdk15on-1.52.jar ...[0m
[0m[[0m[0minfo[0m] [0m[0mdownloading https://repo1.maven.org/maven2/com/fasterxml/jackson/core/jackson-core/2.8.8/jackson-core-2.8.8.jar ...[0m
[0m[[0m[0minfo[0m] [0m[0mdownloading https://repo1.maven.org/maven2/javax/ws/rs/javax.ws.rs-api/2.0.1/javax.ws.rs-api-2.0.1.jar ...[0m
[0m[[0m[0minfo[0m] [0m[0mdownloading https://repo1.maven.org/maven2/org/sonatype/plexus/plexus-sec-dispatcher/1.3/plexus-sec-dispatcher-1.3.jar ...[0m
[0m[[0m[0minfo[0m] [0m[0mdownloading https://repo1.maven.org/maven2/javax/enterprise/cdi-api/1.0/cdi-api-1.0.jar ...[0m
[0m[[0m[0minfo[0m] [0m[0mdownloading https://repo1.maven.org/maven2/org/apache/maven/maven-repository-metadata/3.2.2/maven-repository-metadata-3.2.2.jar ...[0m
[0m[[0m[0minfo[0m] [0m[0mdownloading https://repo1.maven.org/maven2/org/apache/maven/maven-model/3.2.2/maven-model-3.2.2.jar ...[0m
[0m[[0m[0minfo[0m] [0m[0m	[SUCCESSFUL ] commons-io#commons-io;2.5!commons-io.jar (186ms)[0m
[0m[[0m[0minfo[0m] [0m[0mdownloading https://repo1.maven.org/maven2/org/apache/httpcomponents/httpclient/4.5/httpclient-4.5.jar ...[0m
[0m[[0m[0minfo[0m] [0m[0mdownloading https://repo1.maven.org/maven2/org/apache/maven/maven-aether-provider/3.2.2/maven-aether-provider-3.2.2.jar ...[0m
[0m[[0m[0minfo[0m] [0m[0mdownloading https://repo1.maven.org/maven2/org/codehaus/plexus/plexus-utils/3.0.17/plexus-utils-3.0.17.jar ...[0m
[0m[[0m[0minfo[0m] [0m[0mdownloading https://repo1.maven.org/maven2/javax/inject/javax.inject/1/javax.inject-1.jar ...[0m
[0m[[0m[0minfo[0m] [0m[0m	[SUCCESSFUL ] org.eclipse.aether#aether-spi;0.9.0.M2!aether-spi.jar (600ms)[0m
[0m[[0m[0minfo[0m] [0m[0m	[SUCCESSFUL ] org.glassfish.hk2#hk2-api;2.4.0-b34!hk2-api.jar (589ms)[0m
[0m[[0m[0minfo[0m] [0m[0mdownloading https://repo1.maven.org/maven2/org/glassfish/hk2/external/javax.inject/2.4.0-b34/javax.inject-2.4.0-b34.jar ...[0m
[0m[[0m[0minfo[0m] [0m[0m	[SUCCESSFUL ] org.glassfish.jersey.connectors#jersey-apache-connector;2.22.2!jersey-apache-connector.jar (635ms)[0m
[0m[[0m[0minfo[0m] [0m[0mdownloading https://repo1.maven.org/maven2/org/glassfish/jersey/media/jersey-media-json-jackson/2.22.2/jersey-media-json-jackson-2.22.2.jar ...[0m
[0m[[0m[0minfo[0m] [0m[0m	[SUCCESSFUL ] org.apache.maven#maven-repository-metadata;3.2.2!maven-repository-metadata.jar (542ms)[0m
[0m[[0m[0minfo[0m] [0m[0m	[SUCCESSFUL ] org.apache.ant#ant-launcher;1.10.1!ant-launcher.jar (715ms)[0m
[0m[[0m[0minfo[0m] [0m[0mdownloading https://repo1.maven.org/maven2/org/apache/maven/maven-artifact/3.2.2/maven-artifact-3.2.2.jar ...[0m
[0m[[0m[0minfo[0m] [0m[0mdownloading https://repo1.maven.org/maven2/org/slf4j/slf4j-api/1.7.22/slf4j-api-1.7.22.jar ...[0m
[0m[[0m[0minfo[0m] [0m[0m	[SUCCESSFUL ] org.apache.maven#maven-aether-provider;3.2.2!maven-aether-provider.jar (665ms)[0m
[0m[[0m[0minfo[0m] [0m[0mdownloading https://repo1.maven.org/maven2/org/eclipse/aether/aether-impl/0.9.0.M2/aether-impl-0.9.0.M2.jar ...[0m
[0m[[0m[0minfo[0m] [0m[0m	[SUCCESSFUL ] org.bouncycastle#bcpg-jdk15on;1.51!bcpg-jdk15on.jar (954ms)[0m
[0m[[0m[0minfo[0m] [0m[0m	[SUCCESSFUL ] org.apache.httpcomponents#httpclient;4.5!httpclient.jar (746ms)[0m
[0m[[0m[0minfo[0m] [0m[0mdownloading https://repo1.maven.org/maven2/org/apache/httpcomponents/httpcore/4.4.5/httpcore-4.4.5.jar ...[0m
[0m[[0m[0minfo[0m] [0m[0m	[SUCCESSFUL ] org.apache.maven#maven-model;3.2.2!maven-model.jar (810ms)[0m
[0m[[0m[0minfo[0m] [0m[0mdownloading https://repo1.maven.org/maven2/org/apache/maven/maven-settings/3.2.2/maven-settings-3.2.2.jar ...[0m
[0m[[0m[0minfo[0m] [0m[0m	[SUCCESSFUL ] javax.annotation#jsr250-api;1.0!jsr250-api.jar (1046ms)[0m
[0m[[0m[0minfo[0m] [0m[0m	[SUCCESSFUL ] javax.enterprise#cdi-api;1.0!cdi-api.jar (901ms)[0m
[0m[[0m[0minfo[0m] [0m[0mdownloading https://repo1.maven.org/maven2/aopalliance/aopalliance/1.0/aopalliance-1.0.jar ...[0m
[0m[[0m[0minfo[0m] [0m[0m	[SUCCESSFUL ] org.eclipse.sisu#org.eclipse.sisu.inject;0.0.0.M5!org.eclipse.sisu.inject.jar(eclipse-plugin) (1123ms)[0m
[0m[[0m[0minfo[0m] [0m[0m	[SUCCESSFUL ] com.github.jnr#jnr-posix;3.0.12!jnr-posix.jar (1052ms)[0m
[0m[[0m[0minfo[0m] [0m[0mdownloading https://repo1.maven.org/maven2/com/github/jnr/jffi/1.2.9/jffi-1.2.9.jar ...[0m
[0m[[0m[0minfo[0m] [0m[0m	[SUCCESSFUL ] org.glassfish.hk2.external#javax.inject;2.4.0-b34!javax.inject.jar (570ms)[0m
[0m[[0m[0minfo[0m] [0m[0mdownloading https://repo1.maven.org/maven2/org/glassfish/hk2/hk2-locator/2.4.0-b34/hk2-locator-2.4.0-b34.jar ...[0m
[0m[[0m[0minfo[0m] [0m[0m	[SUCCESSFUL ] org.ow2.asm#asm-tree;5.0.3!asm-tree.jar (1064ms)[0m
[0m[[0m[0minfo[0m] [0m[0mdownloading https://repo1.maven.org/maven2/org/ow2/asm/asm-util/5.0.3/asm-util-5.0.3.jar ...[0m
[0m[[0m[0minfo[0m] [0m[0m	[SUCCESSFUL ] javax.annotation#javax.annotation-api;1.2!javax.annotation-api.jar (1174ms)[0m
[0m[[0m[0minfo[0m] [0m[0m	[SUCCESSFUL ] javax.inject#javax.inject;1!javax.inject.jar (942ms)[0m
[0m[[0m[0minfo[0m] [0m[0mdownloading https://repo1.maven.org/maven2/org/glassfish/jersey/bundles/repackaged/jersey-guava/2.22.2/jersey-guava-2.22.2.jar ...[0m
[0m[[0m[0minfo[0m] [0m[0mdownloading https://repo1.maven.org/maven2/org/sonatype/sisu/sisu-guice/3.1.0/sisu-guice-3.1.0-no_aop.jar ...[0m
[0m[[0m[0minfo[0m] [0m[0mdownloading https://repo1.maven.org/maven2/commons-logging/commons-logging/1.2/commons-logging-1.2.jar ...[0m
[0m[[0m[0minfo[0m] [0m[0m	[SUCCESSFUL ] com.github.jnr#jnr-unixsocket;0.8!jnr-unixsocket.jar (1318ms)[0m
[0m[[0m[0minfo[0m] [0m[0mdownloading https://repo1.maven.org/maven2/commons-lang/commons-lang/2.6/commons-lang-2.6.jar ...[0m
[0m[[0m[0minfo[0m] [0m[0m	[SUCCESSFUL ] com.fasterxml.jackson.datatype#jackson-datatype-guava;2.8.8!jackson-datatype-guava.jar(bundle) (1363ms)[0m
[0m[[0m[0minfo[0m] [0m[0mdownloading https://repo1.maven.org/maven2/com/fasterxml/jackson/core/jackson-databind/2.8.8/jackson-databind-2.8.8.jar ...[0m
[0m[[0m[0minfo[0m] [0m[0m	[SUCCESSFUL ] org.sonatype.plexus#plexus-sec-dispatcher;1.3!plexus-sec-dispatcher.jar (1251ms)[0m
[0m[[0m[0minfo[0m] [0m[0mdownloading https://repo1.maven.org/maven2/org/sonatype/plexus/plexus-cipher/1.4/plexus-cipher-1.4.jar ...[0m
[0m[[0m[0minfo[0m] [0m[0m	[SUCCESSFUL ] org.ow2.asm#asm-commons;5.0.3!asm-commons.jar (1378ms)[0m
[0m[[0m[0minfo[0m] [0m[0mdownloading https://repo1.maven.org/maven2/org/ow2/asm/asm-analysis/5.0.3/asm-analysis-5.0.3.jar ...[0m
[0m[[0m[0minfo[0m] [0m[0m	[SUCCESSFUL ] org.slf4j#slf4j-api;1.7.22!slf4j-api.jar (793ms)[0m
[0m[[0m[0minfo[0m] [0m[0m	[SUCCESSFUL ] org.apache.maven#maven-artifact;3.2.2!maven-artifact.jar (801ms)[0m
[0m[[0m[0minfo[0m] [0m[0mdownloading https://repo1.maven.org/maven2/org/apache/maven/maven-model-builder/3.2.2/maven-model-builder-3.2.2.jar ...[0m
[0m[[0m[0minfo[0m] [0m[0m	[SUCCESSFUL ] org.glassfish.jersey.media#jersey-media-json-jackson;2.22.2!jersey-media-json-jackson.jar (981ms)[0m
[0m[[0m[0minfo[0m] [0m[0m	[SUCCESSFUL ] org.apache.maven#maven-settings;3.2.2!maven-settings.jar (700ms)[0m
[0m[[0m[0minfo[0m] [0m[0mdownloading https://repo1.maven.org/maven2/org/apache/maven/maven-settings-builder/3.2.2/maven-settings-builder-3.2.2.jar ...[0m
[0m[[0m[0minfo[0m] [0m[0m	[SUCCESSFUL ] aopalliance#aopalliance;1.0!aopalliance.jar (724ms)[0m
[0m[[0m[0minfo[0m] [0m[0m	[SUCCESSFUL ] org.glassfish.hk2#hk2-utils;2.4.0-b34!hk2-utils.jar (1827ms)[0m
[0m[[0m[0minfo[0m] [0m[0mdownloading https://repo1.maven.org/maven2/org/glassfish/hk2/external/aopalliance-repackaged/2.4.0-b34/aopalliance-repackaged-2.4.0-b34.jar ...[0m
[0m[[0m[0minfo[0m] [0m[0m	[SUCCESSFUL ] commons-codec#commons-codec;1.9!commons-codec.jar (1908ms)[0m
[0m[[0m[0minfo[0m] [0m[0mdownloading https://repo1.maven.org/maven2/org/glassfish/jersey/ext/jersey-entity-filtering/2.22.2/jersey-entity-filtering-2.22.2.jar ...[0m
[0m[[0m[0minfo[0m] [0m[0m	[SUCCESSFUL ] commons-logging#commons-logging;1.2!commons-logging.jar (854ms)[0m
[0m[[0m[0minfo[0m] [0m[0m	[SUCCESSFUL ] org.apache.httpcomponents#httpcore;4.4.5!httpcore.jar (1118ms)[0m
[0m[[0m[0minfo[0m] [0m[0m	[SUCCESSFUL ] com.fasterxml.jackson.core#jackson-core;2.8.8!jackson-core.jar(bundle) (1938ms)[0m
[0m[[0m[0minfo[0m] [0m[0mdownloading https://repo1.maven.org/maven2/com/fasterxml/jackson/module/jackson-module-jaxb-annotations/2.8.8/jackson-module-jaxb-annotations-2.8.8.jar ...[0m
[0m[[0m[0minfo[0m] [0m[0m	[SUCCESSFUL ] com.google.guava#guava;20.0!guava.jar(bundle) (2131ms)[0m
[0m[[0m[0minfo[0m] [0m[0mdownloading https://repo1.maven.org/maven2/com/fasterxml/jackson/jaxrs/jackson-jaxrs-json-provider/2.8.8/jackson-jaxrs-json-provider-2.8.8.jar ...[0m
[0m[[0m[0minfo[0m] [0m[0m	[SUCCESSFUL ] org.eclipse.aether#aether-util;0.9.0.M2!aether-util.jar (2142ms)[0m
[0m[[0m[0minfo[0m] [0m[0mdownloading https://repo1.maven.org/maven2/org/eclipse/sisu/org.eclipse.sisu.plexus/0.0.0.M5/org.eclipse.sisu.plexus-0.0.0.M5.jar ...[0m
[0m[[0m[0minfo[0m] [0m[0m	[SUCCESSFUL ] org.eclipse.aether#aether-impl;0.9.0.M2!aether-impl.jar (1224ms)[0m
[0m[[0m[0minfo[0m] [0m[0mdownloading https://repo1.maven.org/maven2/org/eclipse/aether/aether-api/0.9.0.M2/aether-api-0.9.0.M2.jar ...[0m
[0m[[0m[0minfo[0m] [0m[0m	[SUCCESSFUL ] org.ow2.asm#asm-analysis;5.0.3!asm-analysis.jar (772ms)[0m
[0m[[0m[0minfo[0m] [0m[0m	[SUCCESSFUL ] org.apache.maven#maven-core;3.2.2!maven-core.jar (2062ms)[0m
[0m[[0m[0minfo[0m] [0m[0mdownloading https://repo1.maven.org/maven2/org/apache/maven/maven-plugin-api/3.2.2/maven-plugin-api-3.2.2.jar ...[0m
[0m[[0m[0minfo[0m] [0m[0m	[SUCCESSFUL ] org.ow2.asm#asm-util;5.0.3!asm-util.jar (1015ms)[0m
[0m[[0m[0minfo[0m] [0m[0mdownloading https://repo1.maven.org/maven2/com/github/jnr/jnr-x86asm/1.0.2/jnr-x86asm-1.0.2.jar ...[0m
[0m[[0m[0minfo[0m] [0m[0m	[SUCCESSFUL ] org.glassfish.hk2#hk2-locator;2.4.0-b34!hk2-locator.jar (1033ms)[0m
[0m[[0m[0minfo[0m] [0m[0m	[SUCCESSFUL ] com.github.jnr#jnr-ffi;2.0.3!jnr-ffi.jar (2124ms)[0m
[0m[[0m[0minfo[0m] [0m[0mdownloading https://repo1.maven.org/maven2/com/github/jnr/jnr-constants/0.8.7/jnr-constants-0.8.7.jar ...[0m
[0m[[0m[0minfo[0m] [0m[0m	[SUCCESSFUL ] org.sonatype.plexus#plexus-cipher;1.4!plexus-cipher.jar (878ms)[0m
[0m[[0m[0minfo[0m] [0m[0m	[SUCCESSFUL ] com.github.jnr#jffi;1.2.9!jffi.jar (1182ms)[0m
[0m[[0m[0minfo[0m] [0m[0m	[SUCCESSFUL ] org.apache.maven#maven-settings-builder;3.2.2!maven-settings-builder.jar (639ms)[0m
[0m[[0m[0minfo[0m] [0m[0m	[SUCCESSFUL ] org.apache.maven#maven-model-builder;3.2.2!maven-model-builder.jar (818ms)[0m
[0m[[0m[0minfo[0m] [0m[0m	[SUCCESSFUL ] org.sonatype.sisu#sisu-guice;3.1.0!sisu-guice.jar (1338ms)[0m
[0m[[0m[0minfo[0m] [0m[0m	[SUCCESSFUL ] javax.ws.rs#javax.ws.rs-api;2.0.1!javax.ws.rs-api.jar (2242ms)[0m
[0m[[0m[0minfo[0m] [0m[0mdownloading https://repo1.maven.org/maven2/org/glassfish/jersey/core/jersey-common/2.22.2/jersey-common-2.22.2.jar ...[0m
[0m[[0m[0minfo[0m] [0m[0m	[SUCCESSFUL ] org.bouncycastle#bcpkix-jdk15on;1.52!bcpkix-jdk15on.jar (2270ms)[0m
[0m[[0m[0minfo[0m] [0m[0mdownloading https://repo1.maven.org/maven2/ch/qos/logback/logback-classic/1.2.1/logback-classic-1.2.1.jar ...[0m
[0m[[0m[0minfo[0m] [0m[0m	[SUCCESSFUL ] org.vafer#jdeb;1.3!jdeb.jar (2416ms)[0m
[0m[[0m[0minfo[0m] [0m[0mdownloading https://repo1.maven.org/maven2/org/scala-lang/modules/scala-parser-combinators_2.12/1.0.6/scala-parser-combinators_2.12-1.0.6.jar ...[0m
[0m[[0m[0minfo[0m] [0m[0mdownloading https://repo1.maven.org/maven2/com/github/jnr/jffi/1.2.9/jffi-1.2.9-native.jar ...[0m
[0m[[0m[0minfo[0m] [0m[0m	[SUCCESSFUL ] commons-lang#commons-lang;2.6!commons-lang.jar (1115ms)[0m
[0m[[0m[0minfo[0m] [0m[0m	[SUCCESSFUL ] org.glassfish.hk2.external#aopalliance-repackaged;2.4.0-b34!aopalliance-repackaged.jar (581ms)[0m
[0m[[0m[0minfo[0m] [0m[0m	[SUCCESSFUL ] org.glassfish.jersey.ext#jersey-entity-filtering;2.22.2!jersey-entity-filtering.jar (576ms)[0m
[0m[[0m[0minfo[0m] [0m[0mdownloading https://repo1.maven.org/maven2/org/javassist/javassist/3.18.1-GA/javassist-3.18.1-GA.jar ...[0m
[0m[[0m[0minfo[0m] [0m[0m	[SUCCESSFUL ] com.fasterxml.jackson.module#jackson-module-jaxb-annotations;2.8.8!jackson-module-jaxb-annotations.jar(bundle) (415ms)[0m
[0m[[0m[0minfo[0m] [0m[0mdownloading https://repo1.maven.org/maven2/com/fasterxml/jackson/core/jackson-annotations/2.8.0/jackson-annotations-2.8.0.jar ...[0m
[0m[[0m[0minfo[0m] [0m[0m	[SUCCESSFUL ] com.fasterxml.jackson.jaxrs#jackson-jaxrs-json-provider;2.8.8!jackson-jaxrs-json-provider.jar(bundle) (510ms)[0m
[0m[[0m[0minfo[0m] [0m[0m	[SUCCESSFUL ] org.codehaus.plexus#plexus-utils;3.0.17!plexus-utils.jar (2435ms)[0m
[0m[[0m[0minfo[0m] [0m[0mdownloading https://repo1.maven.org/maven2/org/codehaus/plexus/plexus-classworlds/2.5.1/plexus-classworlds-2.5.1.jar ...[0m
[0m[[0m[0minfo[0m] [0m[0m	[SUCCESSFUL ] org.apache.maven#maven-plugin-api;3.2.2!maven-plugin-api.jar (566ms)[0m
[0m[[0m[0minfo[0m] [0m[0m	[SUCCESSFUL ] org.eclipse.aether#aether-api;0.9.0.M2!aether-api.jar (639ms)[0m
[0m[[0m[0minfo[0m] [0m[0m	[SUCCESSFUL ] org.glassfish.jersey.bundles.repackaged#jersey-guava;2.22.2!jersey-guava.jar(bundle) (1580ms)[0m
[0m[[0m[0minfo[0m] [0m[0mdownloading https://repo1.maven.org/maven2/org/glassfish/hk2/osgi-resource-locator/1.0.1/osgi-resource-locator-1.0.1.jar ...[0m
[0m[[0m[0minfo[0m] [0m[0m	[SUCCESSFUL ] org.eclipse.sisu#org.eclipse.sisu.plexus;0.0.0.M5!org.eclipse.sisu.plexus.jar(eclipse-plugin) (773ms)[0m
[0m[[0m[0minfo[0m] [0m[0m	[SUCCESSFUL ] org.scala-lang.modules#scala-parser-combinators_2.12;1.0.6!scala-parser-combinators_2.12.jar(bundle) (466ms)[0m
[0m[[0m[0minfo[0m] [0m[0mdownloading https://repo1.maven.org/maven2/org/codehaus/plexus/plexus-interpolation/1.19/plexus-interpolation-1.19.jar ...[0m
[0m[[0m[0minfo[0m] [0m[0m	[SUCCESSFUL ] com.github.jnr#jnr-constants;0.8.7!jnr-constants.jar (728ms)[0m
[0m[[0m[0minfo[0m] [0m[0mdownloading https://repo1.maven.org/maven2/com/github/jnr/jnr-enxio/0.9/jnr-enxio-0.9.jar ...[0m
[0m[[0m[0minfo[0m] [0m[0m	[SUCCESSFUL ] com.fasterxml.jackson.core#jackson-annotations;2.8.0!jackson-annotations.jar(bundle) (480ms)[0m
[0m[[0m[0minfo[0m] [0m[0m	[SUCCESSFUL ] ch.qos.logback#logback-classic;1.2.1!logback-classic.jar (568ms)[0m
[0m[[0m[0minfo[0m] [0m[0mdownloading https://repo1.maven.org/maven2/com/fasterxml/jackson/jaxrs/jackson-jaxrs-base/2.8.8/jackson-jaxrs-base-2.8.8.jar ...[0m
[0m[[0m[0minfo[0m] [0m[0m	[SUCCESSFUL ] com.fasterxml.jackson.core#jackson-databind;2.8.8!jackson-databind.jar(bundle) (1625ms)[0m
[0m[[0m[0minfo[0m] [0m[0mdownloading https://repo1.maven.org/maven2/org/glassfish/jersey/core/jersey-client/2.22.2/jersey-client-2.22.2.jar ...[0m
[0m[[0m[0minfo[0m] [0m[0m	[SUCCESSFUL ] org.glassfish.hk2#osgi-resource-locator;1.0.1!osgi-resource-locator.jar (280ms)[0m
[0m[[0m[0minfo[0m] [0m[0m	[SUCCESSFUL ] com.github.jnr#jnr-x86asm;1.0.2!jnr-x86asm.jar (932ms)[0m
[0m[[0m[0minfo[0m] [0m[0m	[SUCCESSFUL ] com.github.jnr#jffi;1.2.9!jffi.jar (820ms)[0m
[0m[[0m[0minfo[0m] [0m[0mdownloading https://repo1.maven.org/maven2/org/ow2/asm/asm/5.0.3/asm-5.0.3.jar ...[0m
[0m[[0m[0minfo[0m] [0m[0m	[SUCCESSFUL ] org.codehaus.plexus#plexus-classworlds;2.5.1!plexus-classworlds.jar(bundle) (567ms)[0m
[0m[[0m[0minfo[0m] [0m[0m	[SUCCESSFUL ] org.codehaus.plexus#plexus-interpolation;1.19!plexus-interpolation.jar (362ms)[0m
[0m[[0m[0minfo[0m] [0m[0mdownloading https://repo1.maven.org/maven2/org/codehaus/plexus/plexus-component-annotations/1.5.5/plexus-component-annotations-1.5.5.jar ...[0m
[0m[[0m[0minfo[0m] [0m[0m	[SUCCESSFUL ] org.javassist#javassist;3.18.1-GA!javassist.jar(bundle) (817ms)[0m
[0m[[0m[0minfo[0m] [0m[0m	[SUCCESSFUL ] com.github.jnr#jnr-enxio;0.9!jnr-enxio.jar (357ms)[0m
[0m[[0m[0minfo[0m] [0m[0m	[SUCCESSFUL ] org.bouncycastle#bcprov-jdk15on;1.52!bcprov-jdk15on.jar (3235ms)[0m
[0m[[0m[0minfo[0m] [0m[0m	[SUCCESSFUL ] org.glassfish.jersey.core#jersey-client;2.22.2!jersey-client.jar (297ms)[0m
[0m[[0m[0minfo[0m] [0m[0m	[SUCCESSFUL ] org.glassfish.jersey.core#jersey-common;2.22.2!jersey-common.jar (888ms)[0m
[0m[[0m[0minfo[0m] [0m[0mdownloading https://repo1.maven.org/maven2/ch/qos/logback/logback-core/1.2.1/logback-core-1.2.1.jar ...[0m
[0m[[0m[0minfo[0m] [0m[0m	[SUCCESSFUL ] com.fasterxml.jackson.jaxrs#jackson-jaxrs-base;2.8.8!jackson-jaxrs-base.jar(bundle) (314ms)[0m
[0m[[0m[0minfo[0m] [0m[0m	[SUCCESSFUL ] org.codehaus.plexus#plexus-component-annotations;1.5.5!plexus-component-annotations.jar (88ms)[0m
[0m[[0m[0minfo[0m] [0m[0m	[SUCCESSFUL ] org.ow2.asm#asm;5.0.3!asm.jar (198ms)[0m
[0m[[0m[0minfo[0m] [0m[0m	[SUCCESSFUL ] org.apache.ant#ant;1.10.1!ant.jar (3350ms)[0m
[0m[[0m[0minfo[0m] [0m[0mdownloading https://repo1.maven.org/maven2/org/scala-sbt/io_2.12/1.0.0/io_2.12-1.0.0.jar ...[0m
[0m[[0m[0minfo[0m] [0m[0m	[SUCCESSFUL ] org.scala-sbt#io_2.12;1.0.0!io_2.12.jar (42ms)[0m
[0m[[0m[0minfo[0m] [0m[0mdownloading https://repo1.maven.org/maven2/com/spotify/docker-client/8.9.0/docker-client-8.9.0.jar ...[0m
[0m[[0m[0minfo[0m] [0m[0m	[SUCCESSFUL ] ch.qos.logback#logback-core;1.2.1!logback-core.jar (100ms)[0m
[0m[[0m[0minfo[0m] [0m[0mdownloading https://repo1.maven.org/maven2/org/apache/logging/log4j/log4j-core/2.8.1/log4j-core-2.8.1-tests.jar ...[0m
[0m[[0m[0minfo[0m] [0m[0m	[SUCCESSFUL ] com.spotify#docker-client;8.9.0!docker-client.jar (267ms)[0m
[0m[[0m[0minfo[0m] [0m[0m	[SUCCESSFUL ] org.apache.logging.log4j#log4j-core;2.8.1!log4j-core.jar(test-jar) (249ms)[0m
[0m[[0m[0minfo[0m] [0m[0m	[SUCCESSFUL ] com.typesafe.sbt#sbt-native-packager;1.3.3!sbt-native-packager.jar (4077ms)[0m
[0m[[0m[0minfo[0m] [0m[0mdownloading https://repo1.maven.org/maven2/org/apache/commons/commons-compress/1.14/commons-compress-1.14.jar ...[0m
[0m[[0m[0minfo[0m] [0m[0m	[SUCCESSFUL ] org.apache.commons#commons-compress;1.14!commons-compress.jar (80ms)[0m
[0m[[0m[0minfo[0m] [0m[0mDone updating.[0m
[0m[[0m[33mwarn[0m] [0m[0mFound version conflict(s) in library dependencies; some are suspected to be binary incompatible:[0m
[0m[[0m[33mwarn[0m] [0m[0m	* org.codehaus.plexus:plexus-utils:3.0.17 is selected over {2.1, 1.5.5}[0m
[0m[[0m[33mwarn[0m] [0m[0m	    +- org.apache.maven:maven-settings:3.2.2              (depends on 3.0.17)[0m
[0m[[0m[33mwarn[0m] [0m[0m	    +- org.apache.maven:maven-repository-metadata:3.2.2   (depends on 3.0.17)[0m
[0m[[0m[33mwarn[0m] [0m[0m	    +- org.apache.maven:maven-aether-provider:3.2.2       (depends on 3.0.17)[0m
[0m[[0m[33mwarn[0m] [0m[0m	    +- org.apache.maven:maven-model:3.2.2                 (depends on 3.0.17)[0m
[0m[[0m[33mwarn[0m] [0m[0m	    +- org.apache.maven:maven-core:3.2.2                  (depends on 3.0.17)[0m
[0m[[0m[33mwarn[0m] [0m[0m	    +- org.apache.maven:maven-artifact:3.2.2              (depends on 3.0.17)[0m
[0m[[0m[33mwarn[0m] [0m[0m	    +- org.apache.maven:maven-settings-builder:3.2.2      (depends on 3.0.17)[0m
[0m[[0m[33mwarn[0m] [0m[0m	    +- org.apache.maven:maven-model-builder:3.2.2         (depends on 3.0.17)[0m
[0m[[0m[33mwarn[0m] [0m[0m	    +- org.sonatype.plexus:plexus-sec-dispatcher:1.3      (depends on 1.5.5)[0m
[0m[[0m[33mwarn[0m] [0m[0m	    +- org.eclipse.sisu:org.eclipse.sisu.plexus:0.0.0.M5  (depends on 2.1)[0m
[0m[[0m[33mwarn[0m] [0m[0m	* com.google.guava:guava:20.0 is selected over {10.0.1, 16.0}[0m
[0m[[0m[33mwarn[0m] [0m[0m	    +- com.spotify:docker-client:8.9.0                    (depends on 20.0)[0m
[0m[[0m[33mwarn[0m] [0m[0m	    +- com.fasterxml.jackson.datatype:jackson-datatype-guava:2.8.8 (depends on 16.0)[0m
[0m[[0m[33mwarn[0m] [0m[0m	    +- org.eclipse.sisu:org.eclipse.sisu.plexus:0.0.0.M5  (depends on 10.0.1)[0m
[0m[[0m[33mwarn[0m] [0m[0mRun 'evicted' to see detailed eviction warnings[0m
[0m[[0m[0minfo[0m] [0m[0mLoading settings from build.sbt ...[0m
[0m[[0m[0minfo[0m] [0m[0mSet current project to HelloAkka (in build file:/HelloAkka/)[0m
[0m[[0m[0minfo[0m] [0m[0mUpdating ...[0m
[0m[[0m[0minfo[0m] [0m[0mdownloading https://repo1.maven.org/maven2/com/typesafe/config/1.3.2/config-1.3.2.jar ...[0m
[0m[[0m[0minfo[0m] [0m[0mdownloading https://repo1.maven.org/maven2/com/typesafe/akka/akka-stream_2.12/2.5.13/akka-stream_2.12-2.5.13.jar ...[0m
[0m[[0m[0minfo[0m] [0m[0mdownloading https://repo1.maven.org/maven2/com/typesafe/ssl-config-core_2.12/0.2.3/ssl-config-core_2.12-0.2.3.jar ...[0m
[0m[[0m[0minfo[0m] [0m[0mdownloading https://repo1.maven.org/maven2/com/typesafe/akka/akka-parsing_2.12/10.1.3/akka-parsing_2.12-10.1.3.jar ...[0m
[0m[[0m[0minfo[0m] [0m[0mdownloading https://repo1.maven.org/maven2/com/typesafe/akka/akka-http_2.12/10.1.3/akka-http_2.12-10.1.3.jar ...[0m
[0m[[0m[0minfo[0m] [0m[0mdownloading https://repo1.maven.org/maven2/com/typesafe/akka/akka-actor_2.12/2.5.13/akka-actor_2.12-2.5.13.jar ...[0m
[0m[[0m[0minfo[0m] [0m[0mdownloading https://repo1.maven.org/maven2/org/scala-lang/modules/scala-parser-combinators_2.12/1.1.0/scala-parser-combinators_2.12-1.1.0.jar ...[0m
[0m[[0m[0minfo[0m] [0m[0mdownloading https://repo1.maven.org/maven2/com/typesafe/akka/akka-protobuf_2.12/2.5.13/akka-protobuf_2.12-2.5.13.jar ...[0m
[0m[[0m[0minfo[0m] [0m[0mdownloading https://repo1.maven.org/maven2/org/scala-lang/modules/scala-java8-compat_2.12/0.8.0/scala-java8-compat_2.12-0.8.0.jar ...[0m
[0m[[0m[0minfo[0m] [0m[0mdownloading https://repo1.maven.org/maven2/com/typesafe/akka/akka-http-core_2.12/10.1.3/akka-http-core_2.12-10.1.3.jar ...[0m
[0m[[0m[0minfo[0m] [0m[0mdownloading https://repo1.maven.org/maven2/org/reactivestreams/reactive-streams/1.0.2/reactive-streams-1.0.2.jar ...[0m
[0m[[0m[0minfo[0m] [0m[0m	[SUCCESSFUL ] com.typesafe#config;1.3.2!config.jar(bundle) (123ms)[0m
[0m[[0m[0minfo[0m] [0m[0m	[SUCCESSFUL ] com.typesafe#ssl-config-core_2.12;0.2.3!ssl-config-core_2.12.jar(bundle) (465ms)[0m
[0m[[0m[0minfo[0m] [0m[0m	[SUCCESSFUL ] org.reactivestreams#reactive-streams;1.0.2!reactive-streams.jar (646ms)[0m
[0m[[0m[0minfo[0m] [0m[0m	[SUCCESSFUL ] org.scala-lang.modules#scala-parser-combinators_2.12;1.1.0!scala-parser-combinators_2.12.jar(bundle) (1035ms)[0m
[0m[[0m[0minfo[0m] [0m[0m	[SUCCESSFUL ] com.typesafe.akka#akka-protobuf_2.12;2.5.13!akka-protobuf_2.12.jar (1555ms)[0m
[0m[[0m[0minfo[0m] [0m[0m	[SUCCESSFUL ] com.typesafe.akka#akka-parsing_2.12;10.1.3!akka-parsing_2.12.jar (1682ms)[0m
[0m[[0m[0minfo[0m] [0m[0m	[SUCCESSFUL ] com.typesafe.akka#akka-http_2.12;10.1.3!akka-http_2.12.jar (1831ms)[0m
[0m[[0m[0minfo[0m] [0m[0m	[SUCCESSFUL ] com.typesafe.akka#akka-actor_2.12;2.5.13!akka-actor_2.12.jar (1938ms)[0m
[0m[[0m[0minfo[0m] [0m[0m	[SUCCESSFUL ] org.scala-lang.modules#scala-java8-compat_2.12;0.8.0!scala-java8-compat_2.12.jar(bundle) (2091ms)[0m
[0m[[0m[0minfo[0m] [0m[0m	[SUCCESSFUL ] com.typesafe.akka#akka-stream_2.12;2.5.13!akka-stream_2.12.jar (2150ms)[0m
[0m[[0m[0minfo[0m] [0m[0m	[SUCCESSFUL ] com.typesafe.akka#akka-http-core_2.12;10.1.3!akka-http-core_2.12.jar (2173ms)[0m
[0m[[0m[0minfo[0m] [0m[0mDone updating.[0m
[0m[[0m[0minfo[0m] [0m[0mCompiling 1 Scala source to /HelloAkka/target/scala-2.12/classes ...[0m
[0m[[0m[0minfo[0m] [0m[0mNon-compiled module 'compiler-bridge_2.12' for Scala 2.12.6. Compiling...[0m
[0m[[0m[0minfo[0m] [0m[0m  Compilation completed in 6.533s.[0m
[0m[[0m[0minfo[0m] [0m[0mDone compiling.[0m
[0m[[0m[0minfo[0m] [0m[0mPackaging /HelloAkka/target/scala-2.12/helloakka_2.12-0.1.jar ...[0m
[0m[[0m[0minfo[0m] [0m[0mDone packaging.[0m
[0m[[0m[0minfo[0m] [0m[0mRunning Server [0m
Hello
[0m[[0m[0minfo[0m] [0m[0mLoading settings from plugin.sbt ...[0m
[0m[[0m[0minfo[0m] [0m[0mLoading project definition from /HelloAkka/project[0m
[0m[[0m[0minfo[0m] [0m[0mUpdating ProjectRef(uri("file:/HelloAkka/project/"), "helloakka-build")...[0m
[0m[[0m[0minfo[0m] [0m[0mdownloading https://repo1.maven.org/maven2/org/bouncycastle/bcpg-jdk15on/1.51/bcpg-jdk15on-1.51.jar ...[0m
[0m[[0m[0minfo[0m] [0m[0mdownloading https://repo1.maven.org/maven2/com/github/jnr/jnr-unixsocket/0.8/jnr-unixsocket-0.8.jar ...[0m
[0m[[0m[0minfo[0m] [0m[0mdownloading https://repo1.maven.org/maven2/org/eclipse/sisu/org.eclipse.sisu.inject/0.0.0.M5/org.eclipse.sisu.inject-0.0.0.M5.jar ...[0m
[0m[[0m[0minfo[0m] [0m[0mdownloading https://repo1.maven.org/maven2/commons-codec/commons-codec/1.9/commons-codec-1.9.jar ...[0m
[0m[[0m[0minfo[0m] [0m[0mdownloading https://repo1.maven.org/maven2/org/eclipse/aether/aether-util/0.9.0.M2/aether-util-0.9.0.M2.jar ...[0m
[0m[[0m[0minfo[0m] [0m[0mdownloading https://repo1.maven.org/maven2/org/apache/ant/ant/1.10.1/ant-1.10.1.jar ...[0m
[0m[[0m[0minfo[0m] [0m[0mdownloading https://repo1.maven.org/maven2/com/google/guava/guava/20.0/guava-20.0.jar ...[0m
[0m[[0m[0minfo[0m] [0m[0mdownloading https://repo1.maven.org/maven2/org/vafer/jdeb/1.3/jdeb-1.3.jar ...[0m
[0m[[0m[0minfo[0m] [0m[0mdownloading https://repo1.maven.org/maven2/org/eclipse/aether/aether-spi/0.9.0.M2/aether-spi-0.9.0.M2.jar ...[0m
[0m[[0m[0minfo[0m] [0m[0mdownloading https://repo1.maven.org/maven2/org/sonatype/plexus/plexus-sec-dispatcher/1.3/plexus-sec-dispatcher-1.3.jar ...[0m
[0m[[0m[0minfo[0m] [0m[0mdownloading https://repo1.maven.org/maven2/org/apache/ant/ant-launcher/1.10.1/ant-launcher-1.10.1.jar ...[0m
[0m[[0m[0minfo[0m] [0m[0mdownloading https://repo1.maven.org/maven2/org/glassfish/hk2/hk2-api/2.4.0-b34/hk2-api-2.4.0-b34.jar ...[0m
[0m[[0m[0minfo[0m] [0m[0mdownloading https://repo1.maven.org/maven2/javax/annotation/jsr250-api/1.0/jsr250-api-1.0.jar ...[0m
[0m[[0m[0minfo[0m] [0m[0mdownloading https://repo1.maven.org/maven2/javax/enterprise/cdi-api/1.0/cdi-api-1.0.jar ...[0m
[0m[[0m[0minfo[0m] [0m[0mdownloading https://repo1.maven.org/maven2/org/glassfish/hk2/hk2-utils/2.4.0-b34/hk2-utils-2.4.0-b34.jar ...[0m
[0m[[0m[0minfo[0m] [0m[0mdownloading https://repo1.maven.org/maven2/org/ow2/asm/asm-commons/5.0.3/asm-commons-5.0.3.jar ...[0m
[0m[[0m[0minfo[0m] [0m[0m	[SUCCESSFUL ] org.bouncycastle#bcpg-jdk15on;1.51!bcpg-jdk15on.jar (418ms)[0m
[0m[[0m[0minfo[0m] [0m[0mdownloading https://repo.scala-sbt.org/scalasbt/sbt-plugin-releases/com.typesafe.sbt/sbt-native-packager/scala_2.12/sbt_1.0/1.3.3/jars/sbt-native-packager.jar ...[0m
[0m[[0m[0minfo[0m] [0m[0mdownloading https://repo1.maven.org/maven2/com/fasterxml/jackson/core/jackson-core/2.8.8/jackson-core-2.8.8.jar ...[0m
[0m[[0m[0minfo[0m] [0m[0mdownloading https://repo1.maven.org/maven2/org/ow2/asm/asm-tree/5.0.3/asm-tree-5.0.3.jar ...[0m
[0m[[0m[0minfo[0m] [0m[0mdownloading https://repo1.maven.org/maven2/javax/annotation/javax.annotation-api/1.2/javax.annotation-api-1.2.jar ...[0m
[0m[[0m[0minfo[0m] [0m[0mdownloading https://repo1.maven.org/maven2/org/bouncycastle/bcprov-jdk15on/1.52/bcprov-jdk15on-1.52.jar ...[0m
[0m[[0m[0minfo[0m] [0m[0mdownloading https://repo1.maven.org/maven2/com/github/jnr/jnr-ffi/2.0.3/jnr-ffi-2.0.3.jar ...[0m
[0m[[0m[0minfo[0m] [0m[0mdownloading https://repo1.maven.org/maven2/org/apache/maven/maven-core/3.2.2/maven-core-3.2.2.jar ...[0m
[0m[[0m[0minfo[0m] [0m[0mdownloading https://repo1.maven.org/maven2/org/apache/maven/maven-model/3.2.2/maven-model-3.2.2.jar ...[0m
[0m[[0m[0minfo[0m] [0m[0mdownloading https://repo1.maven.org/maven2/org/apache/maven/maven-repository-metadata/3.2.2/maven-repository-metadata-3.2.2.jar ...[0m
[0m[[0m[0minfo[0m] [0m[0mdownloading https://repo1.maven.org/maven2/com/github/jnr/jnr-posix/3.0.12/jnr-posix-3.0.12.jar ...[0m
[0m[[0m[0minfo[0m] [0m[0mdownloading https://repo1.maven.org/maven2/org/glassfish/jersey/connectors/jersey-apache-connector/2.22.2/jersey-apache-connector-2.22.2.jar ...[0m
[0m[[0m[0minfo[0m] [0m[0mdownloading https://repo1.maven.org/maven2/com/fasterxml/jackson/datatype/jackson-datatype-guava/2.8.8/jackson-datatype-guava-2.8.8.jar ...[0m
[0m[[0m[0minfo[0m] [0m[0mdownloading https://repo1.maven.org/maven2/javax/inject/javax.inject/1/javax.inject-1.jar ...[0m
[0m[[0m[0minfo[0m] [0m[0mdownloading https://repo1.maven.org/maven2/org/bouncycastle/bcpkix-jdk15on/1.52/bcpkix-jdk15on-1.52.jar ...[0m
[0m[[0m[0minfo[0m] [0m[0mdownloading https://repo1.maven.org/maven2/commons-io/commons-io/2.5/commons-io-2.5.jar ...[0m
[0m[[0m[0minfo[0m] [0m[0mdownloading https://repo1.maven.org/maven2/org/codehaus/plexus/plexus-utils/3.0.17/plexus-utils-3.0.17.jar ...[0m
[0m[[0m[0minfo[0m] [0m[0mdownloading https://repo1.maven.org/maven2/org/apache/maven/maven-aether-provider/3.2.2/maven-aether-provider-3.2.2.jar ...[0m
[0m[[0m[0minfo[0m] [0m[0mdownloading https://repo1.maven.org/maven2/javax/ws/rs/javax.ws.rs-api/2.0.1/javax.ws.rs-api-2.0.1.jar ...[0m
[0m[[0m[0minfo[0m] [0m[0m	[SUCCESSFUL ] com.fasterxml.jackson.core#jackson-core;2.8.8!jackson-core.jar(bundle) (84ms)[0m
[0m[[0m[0minfo[0m] [0m[0mdownloading https://repo1.maven.org/maven2/com/fasterxml/jackson/module/jackson-module-jaxb-annotations/2.8.8/jackson-module-jaxb-annotations-2.8.8.jar ...[0m
[0m[[0m[0minfo[0m] [0m[0m	[SUCCESSFUL ] com.fasterxml.jackson.module#jackson-module-jaxb-annotations;2.8.8!jackson-module-jaxb-annotations.jar(bundle) (37ms)[0m
[0m[[0m[0minfo[0m] [0m[0mdownloading https://repo1.maven.org/maven2/com/fasterxml/jackson/core/jackson-annotations/2.8.0/jackson-annotations-2.8.0.jar ...[0m
[0m[[0m[0minfo[0m] [0m[0m	[SUCCESSFUL ] org.sonatype.plexus#plexus-sec-dispatcher;1.3!plexus-sec-dispatcher.jar (894ms)[0m
[0m[[0m[0minfo[0m] [0m[0mdownloading https://repo1.maven.org/maven2/org/sonatype/plexus/plexus-cipher/1.4/plexus-cipher-1.4.jar ...[0m
[0m[[0m[0minfo[0m] [0m[0m	[SUCCESSFUL ] com.fasterxml.jackson.core#jackson-annotations;2.8.0!jackson-annotations.jar(bundle) (116ms)[0m
[0m[[0m[0minfo[0m] [0m[0m	[SUCCESSFUL ] org.ow2.asm#asm-commons;5.0.3!asm-commons.jar (862ms)[0m
[0m[[0m[0minfo[0m] [0m[0mdownloading https://repo1.maven.org/maven2/org/ow2/asm/asm-analysis/5.0.3/asm-analysis-5.0.3.jar ...[0m
[0m[[0m[0minfo[0m] [0m[0m	[SUCCESSFUL ] com.github.jnr#jnr-unixsocket;0.8!jnr-unixsocket.jar (1211ms)[0m
[0m[[0m[0minfo[0m] [0m[0mdownloading https://repo1.maven.org/maven2/commons-lang/commons-lang/2.6/commons-lang-2.6.jar ...[0m
[0m[[0m[0minfo[0m] [0m[0m	[SUCCESSFUL ] org.apache.maven#maven-repository-metadata;3.2.2!maven-repository-metadata.jar (546ms)[0m
[0m[[0m[0minfo[0m] [0m[0mdownloading https://repo1.maven.org/maven2/org/apache/maven/maven-artifact/3.2.2/maven-artifact-3.2.2.jar ...[0m
[0m[[0m[0minfo[0m] [0m[0m	[SUCCESSFUL ] javax.enterprise#cdi-api;1.0!cdi-api.jar (988ms)[0m
[0m[[0m[0minfo[0m] [0m[0m	[SUCCESSFUL ] commons-codec#commons-codec;1.9!commons-codec.jar (1247ms)[0m
[0m[[0m[0minfo[0m] [0m[0mdownloading https://repo1.maven.org/maven2/org/glassfish/jersey/ext/jersey-entity-filtering/2.22.2/jersey-entity-filtering-2.22.2.jar ...[0m
[0m[[0m[0minfo[0m] [0m[0m	[SUCCESSFUL ] org.eclipse.aether#aether-util;0.9.0.M2!aether-util.jar (1274ms)[0m
[0m[[0m[0minfo[0m] [0m[0mdownloading https://repo1.maven.org/maven2/org/eclipse/sisu/org.eclipse.sisu.plexus/0.0.0.M5/org.eclipse.sisu.plexus-0.0.0.M5.jar ...[0m
[0m[[0m[0minfo[0m] [0m[0mdownloading https://repo1.maven.org/maven2/org/sonatype/sisu/sisu-guice/3.1.0/sisu-guice-3.1.0-no_aop.jar ...[0m
[0m[[0m[0minfo[0m] [0m[0m	[SUCCESSFUL ] javax.inject#javax.inject;1!javax.inject.jar (635ms)[0m
[0m[[0m[0minfo[0m] [0m[0mdownloading https://repo1.maven.org/maven2/commons-logging/commons-logging/1.2/commons-logging-1.2.jar ...[0m
[0m[[0m[0minfo[0m] [0m[0m	[SUCCESSFUL ] javax.annotation#javax.annotation-api;1.2!javax.annotation-api.jar (674ms)[0m
[0m[[0m[0minfo[0m] [0m[0mdownloading https://repo1.maven.org/maven2/org/glassfish/jersey/bundles/repackaged/jersey-guava/2.22.2/jersey-guava-2.22.2.jar ...[0m
[0m[[0m[0minfo[0m] [0m[0m	[SUCCESSFUL ] javax.annotation#jsr250-api;1.0!jsr250-api.jar (1341ms)[0m
[0m[[0m[0minfo[0m] [0m[0m	[SUCCESSFUL ] org.eclipse.aether#aether-spi;0.9.0.M2!aether-spi.jar (1408ms)[0m
[0m[[0m[0minfo[0m] [0m[0mdownloading https://repo1.maven.org/maven2/aopalliance/aopalliance/1.0/aopalliance-1.0.jar ...[0m
[0m[[0m[0minfo[0m] [0m[0m	[SUCCESSFUL ] javax.ws.rs#javax.ws.rs-api;2.0.1!javax.ws.rs-api.jar (675ms)[0m
[0m[[0m[0minfo[0m] [0m[0mdownloading https://repo1.maven.org/maven2/org/glassfish/jersey/core/jersey-common/2.22.2/jersey-common-2.22.2.jar ...[0m
[0m[[0m[0minfo[0m] [0m[0m	[SUCCESSFUL ] org.glassfish.jersey.connectors#jersey-apache-connector;2.22.2!jersey-apache-connector.jar (779ms)[0m
[0m[[0m[0minfo[0m] [0m[0mdownloading https://repo1.maven.org/maven2/org/glassfish/jersey/media/jersey-media-json-jackson/2.22.2/jersey-media-json-jackson-2.22.2.jar ...[0m
[0m[[0m[0minfo[0m] [0m[0m	[SUCCESSFUL ] org.sonatype.plexus#plexus-cipher;1.4!plexus-cipher.jar (628ms)[0m
[0m[[0m[0minfo[0m] [0m[0m	[SUCCESSFUL ] org.ow2.asm#asm-tree;5.0.3!asm-tree.jar (869ms)[0m
[0m[[0m[0minfo[0m] [0m[0mdownloading https://repo1.maven.org/maven2/org/ow2/asm/asm-util/5.0.3/asm-util-5.0.3.jar ...[0m
[0m[[0m[0minfo[0m] [0m[0m	[SUCCESSFUL ] org.apache.ant#ant-launcher;1.10.1!ant-launcher.jar (1561ms)[0m
[0m[[0m[0minfo[0m] [0m[0m	[SUCCESSFUL ] org.apache.maven#maven-aether-provider;3.2.2!maven-aether-provider.jar (851ms)[0m
[0m[[0m[0minfo[0m] [0m[0mdownloading https://repo1.maven.org/maven2/org/eclipse/aether/aether-impl/0.9.0.M2/aether-impl-0.9.0.M2.jar ...[0m
[0m[[0m[0minfo[0m] [0m[0mdownloading https://repo1.maven.org/maven2/org/slf4j/slf4j-api/1.7.22/slf4j-api-1.7.22.jar ...[0m
[0m[[0m[0minfo[0m] [0m[0m	[SUCCESSFUL ] org.glassfish.hk2#hk2-api;2.4.0-b34!hk2-api.jar (1564ms)[0m
[0m[[0m[0minfo[0m] [0m[0m	[SUCCESSFUL ] org.codehaus.plexus#plexus-utils;3.0.17!plexus-utils.jar (862ms)[0m
[0m[[0m[0minfo[0m] [0m[0mdownloading https://repo1.maven.org/maven2/org/glassfish/hk2/external/javax.inject/2.4.0-b34/javax.inject-2.4.0-b34.jar ...[0m
[0m[[0m[0minfo[0m] [0m[0mdownloading https://repo1.maven.org/maven2/org/codehaus/plexus/plexus-classworlds/2.5.1/plexus-classworlds-2.5.1.jar ...[0m
[0m[[0m[0minfo[0m] [0m[0m	[SUCCESSFUL ] com.fasterxml.jackson.datatype#jackson-datatype-guava;2.8.8!jackson-datatype-guava.jar(bundle) (914ms)[0m
[0m[[0m[0minfo[0m] [0m[0m	[SUCCESSFUL ] com.github.jnr#jnr-posix;3.0.12!jnr-posix.jar (1073ms)[0m
[0m[[0m[0minfo[0m] [0m[0mdownloading https://repo1.maven.org/maven2/com/fasterxml/jackson/core/jackson-databind/2.8.8/jackson-databind-2.8.8.jar ...[0m
[0m[[0m[0minfo[0m] [0m[0mdownloading https://repo1.maven.org/maven2/com/github/jnr/jffi/1.2.9/jffi-1.2.9.jar ...[0m
[0m[[0m[0minfo[0m] [0m[0m	[SUCCESSFUL ] org.ow2.asm#asm-analysis;5.0.3!asm-analysis.jar (661ms)[0m
[0m[[0m[0minfo[0m] [0m[0m	[SUCCESSFUL ] org.glassfish.jersey.ext#jersey-entity-filtering;2.22.2!jersey-entity-filtering.jar (797ms)[0m
[0m[[0m[0minfo[0m] [0m[0m	[SUCCESSFUL ] org.apache.maven#maven-model;3.2.2!maven-model.jar (1295ms)[0m
[0m[[0m[0minfo[0m] [0m[0mdownloading https://repo1.maven.org/maven2/org/apache/maven/maven-settings/3.2.2/maven-settings-3.2.2.jar ...[0m
[0m[[0m[0minfo[0m] [0m[0m	[SUCCESSFUL ] org.apache.maven#maven-artifact;3.2.2!maven-artifact.jar (939ms)[0m
[0m[[0m[0minfo[0m] [0m[0mdownloading https://repo1.maven.org/maven2/org/apache/maven/maven-model-builder/3.2.2/maven-model-builder-3.2.2.jar ...[0m
[0m[[0m[0minfo[0m] [0m[0m	[SUCCESSFUL ] commons-io#commons-io;2.5!commons-io.jar (1325ms)[0m
[0m[[0m[0minfo[0m] [0m[0mdownloading https://repo1.maven.org/maven2/org/apache/httpcomponents/httpclient/4.5/httpclient-4.5.jar ...[0m
[0m[[0m[0minfo[0m] [0m[0m	[SUCCESSFUL ] org.eclipse.sisu#org.eclipse.sisu.inject;0.0.0.M5!org.eclipse.sisu.inject.jar(eclipse-plugin) (2210ms)[0m
[0m[[0m[0minfo[0m] [0m[0m	[SUCCESSFUL ] org.bouncycastle#bcpkix-jdk15on;1.52!bcpkix-jdk15on.jar (1365ms)[0m
[0m[[0m[0minfo[0m] [0m[0mdownloading https://repo1.maven.org/maven2/ch/qos/logback/logback-classic/1.2.1/logback-classic-1.2.1.jar ...[0m
[0m[[0m[0minfo[0m] [0m[0m	[SUCCESSFUL ] aopalliance#aopalliance;1.0!aopalliance.jar (724ms)[0m
[0m[[0m[0minfo[0m] [0m[0m	[SUCCESSFUL ] org.glassfish.hk2#hk2-utils;2.4.0-b34!hk2-utils.jar (1983ms)[0m
[0m[[0m[0minfo[0m] [0m[0mdownloading https://repo1.maven.org/maven2/org/glassfish/hk2/external/aopalliance-repackaged/2.4.0-b34/aopalliance-repackaged-2.4.0-b34.jar ...[0m
[0m[[0m[0minfo[0m] [0m[0m	[SUCCESSFUL ] commons-lang#commons-lang;2.6!commons-lang.jar (1116ms)[0m
[0m[[0m[0minfo[0m] [0m[0m	[SUCCESSFUL ] org.glassfish.jersey.media#jersey-media-json-jackson;2.22.2!jersey-media-json-jackson.jar (726ms)[0m
[0m[[0m[0minfo[0m] [0m[0m	[SUCCESSFUL ] commons-logging#commons-logging;1.2!commons-logging.jar (869ms)[0m
[0m[[0m[0minfo[0m] [0m[0m	[SUCCESSFUL ] org.ow2.asm#asm-util;5.0.3!asm-util.jar (771ms)[0m
[0m[[0m[0minfo[0m] [0m[0mdownloading https://repo1.maven.org/maven2/com/github/jnr/jnr-x86asm/1.0.2/jnr-x86asm-1.0.2.jar ...[0m
[0m[[0m[0minfo[0m] [0m[0m	[SUCCESSFUL ] com.github.jnr#jffi;1.2.9!jffi.jar (917ms)[0m
[0m[[0m[0minfo[0m] [0m[0m	[SUCCESSFUL ] org.eclipse.sisu#org.eclipse.sisu.plexus;0.0.0.M5!org.eclipse.sisu.plexus.jar(eclipse-plugin) (1372ms)[0m
[0m[[0m[0minfo[0m] [0m[0mdownloading https://repo1.maven.org/maven2/org/codehaus/plexus/plexus-interpolation/1.19/plexus-interpolation-1.19.jar ...[0m
[0m[[0m[0minfo[0m] [0m[0m	[SUCCESSFUL ] org.apache.maven#maven-settings;3.2.2!maven-settings.jar (576ms)[0m
[0m[[0m[0minfo[0m] [0m[0mdownloading https://repo1.maven.org/maven2/org/apache/maven/maven-settings-builder/3.2.2/maven-settings-builder-3.2.2.jar ...[0m
[0m[[0m[0minfo[0m] [0m[0m	[SUCCESSFUL ] org.slf4j#slf4j-api;1.7.22!slf4j-api.jar (1019ms)[0m
[0m[[0m[0minfo[0m] [0m[0m	[SUCCESSFUL ] org.glassfish.jersey.bundles.repackaged#jersey-guava;2.22.2!jersey-guava.jar(bundle) (1240ms)[0m
[0m[[0m[0minfo[0m] [0m[0mdownloading https://repo1.maven.org/maven2/org/glassfish/hk2/osgi-resource-locator/1.0.1/osgi-resource-locator-1.0.1.jar ...[0m
[0m[[0m[0minfo[0m] [0m[0mdownloading https://repo1.maven.org/maven2/com/github/jnr/jffi/1.2.9/jffi-1.2.9-native.jar ...[0m
[0m[[0m[0minfo[0m] [0m[0m	[SUCCESSFUL ] org.glassfish.hk2.external#javax.inject;2.4.0-b34!javax.inject.jar (1061ms)[0m
[0m[[0m[0minfo[0m] [0m[0mdownloading https://repo1.maven.org/maven2/org/glassfish/hk2/hk2-locator/2.4.0-b34/hk2-locator-2.4.0-b34.jar ...[0m
[0m[[0m[0minfo[0m] [0m[0m	[SUCCESSFUL ] org.glassfish.hk2.external#aopalliance-repackaged;2.4.0-b34!aopalliance-repackaged.jar (507ms)[0m
[0m[[0m[0minfo[0m] [0m[0mdownloading https://repo1.maven.org/maven2/org/javassist/javassist/3.18.1-GA/javassist-3.18.1-GA.jar ...[0m
[0m[[0m[0minfo[0m] [0m[0m	[SUCCESSFUL ] ch.qos.logback#logback-classic;1.2.1!logback-classic.jar (579ms)[0m
[0m[[0m[0minfo[0m] [0m[0mdownloading https://repo1.maven.org/maven2/com/fasterxml/jackson/jaxrs/jackson-jaxrs-base/2.8.8/jackson-jaxrs-base-2.8.8.jar ...[0m
[0m[[0m[0minfo[0m] [0m[0m	[SUCCESSFUL ] org.vafer#jdeb;1.3!jdeb.jar (2689ms)[0m
[0m[[0m[0minfo[0m] [0m[0mdownloading https://repo1.maven.org/maven2/org/scala-lang/modules/scala-parser-combinators_2.12/1.0.6/scala-parser-combinators_2.12-1.0.6.jar ...[0m
[0m[[0m[0minfo[0m] [0m[0m	[SUCCESSFUL ] org.codehaus.plexus#plexus-classworlds;2.5.1!plexus-classworlds.jar(bundle) (1155ms)[0m
[0m[[0m[0minfo[0m] [0m[0m	[SUCCESSFUL ] org.apache.maven#maven-model-builder;3.2.2!maven-model-builder.jar (701ms)[0m
[0m[[0m[0minfo[0m] [0m[0mdownloading https://repo1.maven.org/maven2/org/codehaus/plexus/plexus-component-annotations/1.5.5/plexus-component-annotations-1.5.5.jar ...[0m
[0m[[0m[0minfo[0m] [0m[0m	[SUCCESSFUL ] org.glassfish.jersey.core#jersey-common;2.22.2!jersey-common.jar (1404ms)[0m
[0m[[0m[0minfo[0m] [0m[0m	[SUCCESSFUL ] org.apache.ant#ant;1.10.1!ant.jar (2864ms)[0m
[0m[[0m[0minfo[0m] [0m[0mdownloading https://repo1.maven.org/maven2/org/scala-sbt/io_2.12/1.0.0/io_2.12-1.0.0.jar ...[0m
[0m[[0m[0minfo[0m] [0m[0m	[SUCCESSFUL ] com.github.jnr#jnr-ffi;2.0.3!jnr-ffi.jar (2150ms)[0m
[0m[[0m[0minfo[0m] [0m[0mdownloading https://repo1.maven.org/maven2/com/github/jnr/jnr-constants/0.8.7/jnr-constants-0.8.7.jar ...[0m
[0m[[0m[0minfo[0m] [0m[0m	[SUCCESSFUL ] org.apache.httpcomponents#httpclient;4.5!httpclient.jar (867ms)[0m
[0m[[0m[0minfo[0m] [0m[0mdownloading https://repo1.maven.org/maven2/org/apache/httpcomponents/httpcore/4.4.5/httpcore-4.4.5.jar ...[0m
[0m[[0m[0minfo[0m] [0m[0m	[SUCCESSFUL ] org.apache.maven#maven-settings-builder;3.2.2!maven-settings-builder.jar (350ms)[0m
[0m[[0m[0minfo[0m] [0m[0m	[SUCCESSFUL ] org.codehaus.plexus#plexus-interpolation;1.19!plexus-interpolation.jar (378ms)[0m
[0m[[0m[0minfo[0m] [0m[0m	[SUCCESSFUL ] org.glassfish.hk2#osgi-resource-locator;1.0.1!osgi-resource-locator.jar (325ms)[0m
[0m[[0m[0minfo[0m] [0m[0m	[SUCCESSFUL ] com.github.jnr#jnr-x86asm;1.0.2!jnr-x86asm.jar (664ms)[0m
[0m[[0m[0minfo[0m] [0m[0m	[SUCCESSFUL ] org.sonatype.sisu#sisu-guice;3.1.0!sisu-guice.jar (1836ms)[0m
[0m[[0m[0minfo[0m] [0m[0m	[SUCCESSFUL ] com.fasterxml.jackson.jaxrs#jackson-jaxrs-base;2.8.8!jackson-jaxrs-base.jar(bundle) (378ms)[0m
[0m[[0m[0minfo[0m] [0m[0m	[SUCCESSFUL ] org.codehaus.plexus#plexus-component-annotations;1.5.5!plexus-component-annotations.jar (331ms)[0m
[0m[[0m[0minfo[0m] [0m[0m	[SUCCESSFUL ] com.github.jnr#jffi;1.2.9!jffi.jar (526ms)[0m
[0m[[0m[0minfo[0m] [0m[0mdownloading https://repo1.maven.org/maven2/org/ow2/asm/asm/5.0.3/asm-5.0.3.jar ...[0m
[0m[[0m[0minfo[0m] [0m[0m	[SUCCESSFUL ] org.scala-sbt#io_2.12;1.0.0!io_2.12.jar (328ms)[0m
[0m[[0m[0minfo[0m] [0m[0mdownloading https://repo1.maven.org/maven2/com/spotify/docker-client/8.9.0/docker-client-8.9.0.jar ...[0m
[0m[[0m[0minfo[0m] [0m[0m	[SUCCESSFUL ] org.apache.maven#maven-core;3.2.2!maven-core.jar (2517ms)[0m
[0m[[0m[0minfo[0m] [0m[0mdownloading https://repo1.maven.org/maven2/org/apache/maven/maven-plugin-api/3.2.2/maven-plugin-api-3.2.2.jar ...[0m
[0m[[0m[0minfo[0m] [0m[0m	[SUCCESSFUL ] org.glassfish.hk2#hk2-locator;2.4.0-b34!hk2-locator.jar (590ms)[0m
[0m[[0m[0minfo[0m] [0m[0mdownloading https://repo1.maven.org/maven2/org/apache/logging/log4j/log4j-core/2.8.1/log4j-core-2.8.1-tests.jar ...[0m
[0m[[0m[0minfo[0m] [0m[0m	[SUCCESSFUL ] org.apache.httpcomponents#httpcore;4.4.5!httpcore.jar (338ms)[0m
[0m[[0m[0minfo[0m] [0m[0m	[SUCCESSFUL ] com.github.jnr#jnr-constants;0.8.7!jnr-constants.jar (389ms)[0m
[0m[[0m[0minfo[0m] [0m[0mdownloading https://repo1.maven.org/maven2/com/github/jnr/jnr-enxio/0.9/jnr-enxio-0.9.jar ...[0m
[0m[[0m[0minfo[0m] [0m[0m	[SUCCESSFUL ] org.javassist#javassist;3.18.1-GA!javassist.jar(bundle) (603ms)[0m
[0m[[0m[0minfo[0m] [0m[0m	[SUCCESSFUL ] org.ow2.asm#asm;5.0.3!asm.jar (180ms)[0m
[0m[[0m[0minfo[0m] [0m[0m	[SUCCESSFUL ] org.scala-lang.modules#scala-parser-combinators_2.12;1.0.6!scala-parser-combinators_2.12.jar(bundle) (652ms)[0m
[0m[[0m[0minfo[0m] [0m[0m	[SUCCESSFUL ] org.eclipse.aether#aether-impl;0.9.0.M2!aether-impl.jar (1758ms)[0m
[0m[[0m[0minfo[0m] [0m[0mdownloading https://repo1.maven.org/maven2/org/eclipse/aether/aether-api/0.9.0.M2/aether-api-0.9.0.M2.jar ...[0m
[0m[[0m[0minfo[0m] [0m[0m	[SUCCESSFUL ] org.apache.maven#maven-plugin-api;3.2.2!maven-plugin-api.jar (185ms)[0m
[0m[[0m[0minfo[0m] [0m[0m	[SUCCESSFUL ] com.github.jnr#jnr-enxio;0.9!jnr-enxio.jar (171ms)[0m
[0m[[0m[0minfo[0m] [0m[0m	[SUCCESSFUL ] com.fasterxml.jackson.core#jackson-databind;2.8.8!jackson-databind.jar(bundle) (1794ms)[0m
[0m[[0m[0minfo[0m] [0m[0mdownloading https://repo1.maven.org/maven2/org/glassfish/jersey/core/jersey-client/2.22.2/jersey-client-2.22.2.jar ...[0m
[0m[[0m[0minfo[0m] [0m[0m	[SUCCESSFUL ] org.eclipse.aether#aether-api;0.9.0.M2!aether-api.jar (220ms)[0m
[0m[[0m[0minfo[0m] [0m[0m	[SUCCESSFUL ] org.glassfish.jersey.core#jersey-client;2.22.2!jersey-client.jar (190ms)[0m
[0m[[0m[0minfo[0m] [0m[0m	[SUCCESSFUL ] com.spotify#docker-client;8.9.0!docker-client.jar (489ms)[0m
[0m[[0m[0minfo[0m] [0m[0m	[SUCCESSFUL ] com.google.guava#guava;20.0!guava.jar(bundle) (3730ms)[0m
[0m[[0m[0minfo[0m] [0m[0mdownloading https://repo1.maven.org/maven2/com/fasterxml/jackson/jaxrs/jackson-jaxrs-json-provider/2.8.8/jackson-jaxrs-json-provider-2.8.8.jar ...[0m
[0m[[0m[0minfo[0m] [0m[0m	[SUCCESSFUL ] com.fasterxml.jackson.jaxrs#jackson-jaxrs-json-provider;2.8.8!jackson-jaxrs-json-provider.jar(bundle) (77ms)[0m
[0m[[0m[0minfo[0m] [0m[0m	[SUCCESSFUL ] org.apache.logging.log4j#log4j-core;2.8.1!log4j-core.jar(test-jar) (619ms)[0m
[0m[[0m[0minfo[0m] [0m[0m	[SUCCESSFUL ] org.bouncycastle#bcprov-jdk15on;1.52!bcprov-jdk15on.jar (3403ms)[0m
[0m[[0m[0minfo[0m] [0m[0mdownloading https://repo1.maven.org/maven2/ch/qos/logback/logback-core/1.2.1/logback-core-1.2.1.jar ...[0m
[0m[[0m[0minfo[0m] [0m[0m	[SUCCESSFUL ] ch.qos.logback#logback-core;1.2.1!logback-core.jar (70ms)[0m
[0m[[0m[0minfo[0m] [0m[0m	[SUCCESSFUL ] com.typesafe.sbt#sbt-native-packager;1.3.3!sbt-native-packager.jar (4353ms)[0m
[0m[[0m[0minfo[0m] [0m[0mdownloading https://repo1.maven.org/maven2/org/apache/commons/commons-compress/1.14/commons-compress-1.14.jar ...[0m
[0m[[0m[0minfo[0m] [0m[0m	[SUCCESSFUL ] org.apache.commons#commons-compress;1.14!commons-compress.jar (261ms)[0m
[0m[[0m[0minfo[0m] [0m[0mDone updating.[0m
[0m[[0m[33mwarn[0m] [0m[0mFound version conflict(s) in library dependencies; some are suspected to be binary incompatible:[0m
[0m[[0m[33mwarn[0m] [0m[0m	* org.codehaus.plexus:plexus-utils:3.0.17 is selected over {2.1, 1.5.5}[0m
[0m[[0m[33mwarn[0m] [0m[0m	    +- org.apache.maven:maven-settings:3.2.2              (depends on 3.0.17)[0m
[0m[[0m[33mwarn[0m] [0m[0m	    +- org.apache.maven:maven-repository-metadata:3.2.2   (depends on 3.0.17)[0m
[0m[[0m[33mwarn[0m] [0m[0m	    +- org.apache.maven:maven-aether-provider:3.2.2       (depends on 3.0.17)[0m
[0m[[0m[33mwarn[0m] [0m[0m	    +- org.apache.maven:maven-model:3.2.2                 (depends on 3.0.17)[0m
[0m[[0m[33mwarn[0m] [0m[0m	    +- org.apache.maven:maven-core:3.2.2                  (depends on 3.0.17)[0m
[0m[[0m[33mwarn[0m] [0m[0m	    +- org.apache.maven:maven-artifact:3.2.2              (depends on 3.0.17)[0m
[0m[[0m[33mwarn[0m] [0m[0m	    +- org.apache.maven:maven-settings-builder:3.2.2      (depends on 3.0.17)[0m
[0m[[0m[33mwarn[0m] [0m[0m	    +- org.apache.maven:maven-model-builder:3.2.2         (depends on 3.0.17)[0m
[0m[[0m[33mwarn[0m] [0m[0m	    +- org.sonatype.plexus:plexus-sec-dispatcher:1.3      (depends on 1.5.5)[0m
[0m[[0m[33mwarn[0m] [0m[0m	    +- org.eclipse.sisu:org.eclipse.sisu.plexus:0.0.0.M5  (depends on 2.1)[0m
[0m[[0m[33mwarn[0m] [0m[0m	* com.google.guava:guava:20.0 is selected over {10.0.1, 16.0}[0m
[0m[[0m[33mwarn[0m] [0m[0m	    +- com.spotify:docker-client:8.9.0                    (depends on 20.0)[0m
[0m[[0m[33mwarn[0m] [0m[0m	    +- com.fasterxml.jackson.datatype:jackson-datatype-guava:2.8.8 (depends on 16.0)[0m
[0m[[0m[33mwarn[0m] [0m[0m	    +- org.eclipse.sisu:org.eclipse.sisu.plexus:0.0.0.M5  (depends on 10.0.1)[0m
[0m[[0m[33mwarn[0m] [0m[0mRun 'evicted' to see detailed eviction warnings[0m
[0m[[0m[0minfo[0m] [0m[0mLoading settings from build.sbt ...[0m
[0m[[0m[0minfo[0m] [0m[0mSet current project to HelloAkka (in build file:/HelloAkka/)[0m
[0m[[0m[0minfo[0m] [0m[0mUpdating ...[0m
[0m[[0m[0minfo[0m] [0m[0mdownloading https://repo1.maven.org/maven2/org/scala-lang/modules/scala-java8-compat_2.12/0.8.0/scala-java8-compat_2.12-0.8.0.jar ...[0m
[0m[[0m[0minfo[0m] [0m[0mdownloading https://repo1.maven.org/maven2/com/typesafe/akka/akka-actor_2.12/2.5.13/akka-actor_2.12-2.5.13.jar ...[0m
[0m[[0m[0minfo[0m] [0m[0mdownloading https://repo1.maven.org/maven2/com/typesafe/akka/akka-parsing_2.12/10.1.3/akka-parsing_2.12-10.1.3.jar ...[0m
[0m[[0m[0minfo[0m] [0m[0mdownloading https://repo1.maven.org/maven2/com/typesafe/akka/akka-http-core_2.12/10.1.3/akka-http-core_2.12-10.1.3.jar ...[0m
[0m[[0m[0minfo[0m] [0m[0mdownloading https://repo1.maven.org/maven2/com/typesafe/config/1.3.2/config-1.3.2.jar ...[0m
[0m[[0m[0minfo[0m] [0m[0mdownloading https://repo1.maven.org/maven2/org/scala-lang/modules/scala-parser-combinators_2.12/1.1.0/scala-parser-combinators_2.12-1.1.0.jar ...[0m
[0m[[0m[0minfo[0m] [0m[0mdownloading https://repo1.maven.org/maven2/org/reactivestreams/reactive-streams/1.0.2/reactive-streams-1.0.2.jar ...[0m
[0m[[0m[0minfo[0m] [0m[0mdownloading https://repo1.maven.org/maven2/com/typesafe/akka/akka-stream_2.12/2.5.13/akka-stream_2.12-2.5.13.jar ...[0m
[0m[[0m[0minfo[0m] [0m[0mdownloading https://repo1.maven.org/maven2/com/typesafe/akka/akka-protobuf_2.12/2.5.13/akka-protobuf_2.12-2.5.13.jar ...[0m
[0m[[0m[0minfo[0m] [0m[0mdownloading https://repo1.maven.org/maven2/com/typesafe/akka/akka-http_2.12/10.1.3/akka-http_2.12-10.1.3.jar ...[0m
[0m[[0m[0minfo[0m] [0m[0mdownloading https://repo1.maven.org/maven2/com/typesafe/ssl-config-core_2.12/0.2.3/ssl-config-core_2.12-0.2.3.jar ...[0m
[0m[[0m[0minfo[0m] [0m[0m	[SUCCESSFUL ] org.reactivestreams#reactive-streams;1.0.2!reactive-streams.jar (733ms)[0m
[0m[[0m[0minfo[0m] [0m[0m	[SUCCESSFUL ] com.typesafe#config;1.3.2!config.jar(bundle) (826ms)[0m
[0m[[0m[0minfo[0m] [0m[0m	[SUCCESSFUL ] com.typesafe#ssl-config-core_2.12;0.2.3!ssl-config-core_2.12.jar(bundle) (847ms)[0m
[0m[[0m[0minfo[0m] [0m[0m	[SUCCESSFUL ] org.scala-lang.modules#scala-java8-compat_2.12;0.8.0!scala-java8-compat_2.12.jar(bundle) (915ms)[0m
[0m[[0m[0minfo[0m] [0m[0m	[SUCCESSFUL ] org.scala-lang.modules#scala-parser-combinators_2.12;1.1.0!scala-parser-combinators_2.12.jar(bundle) (883ms)[0m
[0m[[0m[0minfo[0m] [0m[0m	[SUCCESSFUL ] com.typesafe.akka#akka-protobuf_2.12;2.5.13!akka-protobuf_2.12.jar (929ms)[0m
[0m[[0m[0minfo[0m] [0m[0m	[SUCCESSFUL ] com.typesafe.akka#akka-parsing_2.12;10.1.3!akka-parsing_2.12.jar (1024ms)[0m
[0m[[0m[0minfo[0m] [0m[0m	[SUCCESSFUL ] com.typesafe.akka#akka-actor_2.12;2.5.13!akka-actor_2.12.jar (1130ms)[0m
[0m[[0m[0minfo[0m] [0m[0m	[SUCCESSFUL ] com.typesafe.akka#akka-http_2.12;10.1.3!akka-http_2.12.jar (1537ms)[0m
[0m[[0m[0minfo[0m] [0m[0m	[SUCCESSFUL ] com.typesafe.akka#akka-stream_2.12;2.5.13!akka-stream_2.12.jar (1783ms)[0m
[0m[[0m[0minfo[0m] [0m[0m	[SUCCESSFUL ] com.typesafe.akka#akka-http-core_2.12;10.1.3!akka-http-core_2.12.jar (1904ms)[0m
[0m[[0m[0minfo[0m] [0m[0mDone updating.[0m
[0m[[0m[0minfo[0m] [0m[0mCompiling 1 Scala source to /HelloAkka/target/scala-2.12/classes ...[0m
[0m[[0m[0minfo[0m] [0m[0mNon-compiled module 'compiler-bridge_2.12' for Scala 2.12.6. Compiling...[0m
[0m[[0m[0minfo[0m] [0m[0m  Compilation completed in 5.692s.[0m
[0m[[0m[0minfo[0m] [0m[0mDone compiling.[0m
[0m[[0m[0minfo[0m] [0m[0mPackaging /HelloAkka/target/scala-2.12/helloakka_2.12-0.1.jar ...[0m
[0m[[0m[0minfo[0m] [0m[0mDone packaging.[0m
[0m[[0m[0minfo[0m] [0m[0mRunning Server [0m
Hello
